{
  "RSpec": {
    "coverage": {
      "/Users/Kristina/Documents/ada/week12/SeeMore-LavenderBlush/app/helpers/application_helper.rb": [
        1,
        1,
        null
      ],
      "/Users/Kristina/Documents/ada/week12/SeeMore-LavenderBlush/app/helpers/sessions_helper.rb": [
        1,
        null,
        1,
        null,
        1,
        null,
        1,
        0,
        0,
        null,
        0,
        0,
        null,
        0,
        0,
        0,
        null,
        0,
        0,
        0,
        0,
        null,
        0,
        null,
        null,
        null,
        null,
        null,
        null,
        null,
        null,
        null
      ],
      "/Users/Kristina/Documents/ada/week12/SeeMore-LavenderBlush/app/helpers/subscribed_helper.rb": [
        1,
        null,
        1,
        0,
        0,
        null,
        0,
        null,
        null,
        null,
        null
      ],
      "/Users/Kristina/Documents/ada/week12/SeeMore-LavenderBlush/app/helpers/user_feeds_helper.rb": [
        1,
        null,
        null,
        null
      ],
      "/Users/Kristina/Documents/ada/week12/SeeMore-LavenderBlush/app/helpers/users_helper.rb": [
        1,
        null
      ],
      "/Users/Kristina/Documents/ada/week12/SeeMore-LavenderBlush/app/controllers/users_controller.rb": [
        1,
        1,
        null,
        1,
        1,
        1,
        1,
        1,
        1,
        null,
        null,
        null,
        null,
        1,
        3,
        3,
        3,
        null,
        null,
        null,
        1,
        7,
        3,
        null,
        null,
        null
      ],
      "/Users/Kristina/Documents/ada/week12/SeeMore-LavenderBlush/app/controllers/application_controller.rb": [
        1,
        null,
        null,
        1,
        null,
        1,
        null,
        1,
        0,
        0,
        null,
        null,
        1,
        null,
        1,
        14,
        null,
        1,
        null
      ],
      "/Users/Kristina/Documents/ada/week12/SeeMore-LavenderBlush/app/models/user.rb": [
        1,
        null,
        null,
        null,
        null,
        1,
        1,
        1,
        1,
        null,
        1,
        0,
        null,
        null,
        1,
        1,
        1,
        1,
        null,
        1,
        4,
        4,
        null,
        null,
        null,
        1,
        null,
        null,
        null
      ],
      "/Users/Kristina/Documents/ada/week12/SeeMore-LavenderBlush/app/models/user_feed.rb": [
        1,
        1,
        1,
        1,
        null,
        1,
        null,
        1,
        0,
        null,
        null,
        1,
        0,
        0,
        null,
        0,
        null,
        null,
        null,
        1,
        0,
        0,
        0,
        null,
        0,
        null,
        null,
        null,
        1,
        0,
        0,
        0,
        null,
        0,
        null,
        null,
        null,
        null
      ],
      "/Users/Kristina/Documents/ada/week12/SeeMore-LavenderBlush/app/models/feed.rb": [
        1,
        1,
        1,
        1,
        null,
        null,
        1,
        1,
        null,
        1,
        0,
        null,
        null,
        1,
        0,
        null,
        null,
        null,
        null,
        null,
        null,
        null,
        null,
        null,
        null,
        0,
        0,
        0,
        null,
        0,
        0,
        0,
        null,
        null,
        null,
        null,
        null
      ],
      "/Users/Kristina/Documents/ada/week12/SeeMore-LavenderBlush/app/models/credential.rb": [
        1,
        1,
        null
      ]
    },
    "timestamp": 1417480999
  }
}
