{
  "RSpec": {
    "coverage": {
      "/Users/bonniekwong/Ada/Week_12/SeeMore-LavenderBlush/app/helpers/application_helper.rb": [
        1,
        null
      ],
      "/Users/bonniekwong/Ada/Week_12/SeeMore-LavenderBlush/app/helpers/user_feeds_helper.rb": [
        1,
        null
      ],
      "/Users/bonniekwong/Ada/Week_12/SeeMore-LavenderBlush/app/helpers/users_helper.rb": [
        1,
        null
      ],
      "/Users/bonniekwong/Ada/Week_12/SeeMore-LavenderBlush/app/controllers/feeds_controller.rb": [
        1,
        null,
        1,
        null,
        1,
        1,
        null,
        1,
        10,
        3,
        null,
        7,
        6,
        null,
        null,
        null,
        1,
        0,
        0,
        null,
        null,
        null,
        1,
        null,
        1,
        3,
        1,
        null,
        2,
        null,
        null,
        null,
        1,
        7,
        7,
        6,
        null,
        1,
        null,
        null,
        null,
        null,
        1,
        8,
        8,
        8,
        8,
        null,
        0,
        null,
        null,
        null,
        1,
        2,
        null,
        null,
        null
      ],
      "/Users/bonniekwong/Ada/Week_12/SeeMore-LavenderBlush/app/controllers/application_controller.rb": [
        1,
        null,
        null,
        null,
        null,
        1,
        null,
        1,
        19,
        2,
        null,
        null,
        1,
        null,
        1,
        0,
        null,
        1,
        null
      ],
      "/Users/bonniekwong/Ada/Week_12/SeeMore-LavenderBlush/app/controllers/searches_controller.rb": [
        1,
        null,
        1,
        1,
        null,
        1,
        null,
        null,
        null,
        1,
        6,
        6,
        6,
        4,
        2,
        null,
        0,
        null,
        2,
        null,
        null,
        null,
        null,
        null,
        1,
        null,
        1,
        4,
        4,
        4,
        4,
        4,
        null,
        null,
        null,
        1,
        4,
        null,
        null,
        4,
        3,
        1,
        null,
        null,
        null,
        1,
        0,
        0,
        0,
        0,
        null,
        0,
        0,
        null,
        0,
        null,
        null,
        null,
        1,
        1,
        null,
        null
      ],
      "/Users/bonniekwong/Ada/Week_12/SeeMore-LavenderBlush/app/controllers/sessions_controller.rb": [
        1,
        1,
        null,
        1,
        null,
        5,
        null,
        null,
        5,
        5,
        5,
        5,
        null,
        null,
        5,
        5,
        null,
        null,
        null,
        null,
        0,
        null,
        null,
        null,
        5,
        null,
        null,
        0,
        null,
        null,
        5,
        null,
        null,
        null,
        1,
        0,
        0,
        0,
        null,
        null,
        0,
        0,
        0,
        null,
        0,
        null,
        null,
        1,
        2,
        2,
        null,
        null
      ],
      "/Users/bonniekwong/Ada/Week_12/SeeMore-LavenderBlush/app/controllers/user_feeds_controller.rb": [
        1,
        null,
        1,
        1,
        1,
        1,
        1,
        1,
        1,
        1,
        null,
        null,
        null,
        null
      ],
      "/Users/bonniekwong/Ada/Week_12/SeeMore-LavenderBlush/app/controllers/users_controller.rb": [
        1,
        1,
        null,
        1,
        0,
        0,
        0,
        0,
        0,
        null,
        null,
        null,
        null,
        1,
        0,
        0,
        null,
        null,
        null
      ],
      "/Users/bonniekwong/Ada/Week_12/SeeMore-LavenderBlush/app/models/feed.rb": [
        1,
        1,
        1,
        1,
        null,
        null,
        1,
        1,
        null,
        1,
        12,
        null,
        null,
        null
      ],
      "/Users/bonniekwong/Ada/Week_12/SeeMore-LavenderBlush/app/models/post.rb": [
        1,
        null,
        1,
        1,
        null,
        1,
        8,
        7,
        1,
        1,
        null,
        null,
        null,
        1,
        7,
        7,
        7,
        7,
        7,
        null,
        7,
        140,
        null,
        null,
        null,
        1,
        140,
        120,
        null,
        null,
        null,
        null,
        120,
        12,
        12,
        null,
        null,
        null,
        null,
        1,
        1,
        20,
        null,
        null,
        null,
        1,
        20,
        20,
        null,
        null,
        null,
        null,
        null,
        null,
        null,
        null,
        1,
        0,
        0,
        0,
        null,
        null,
        null,
        null
      ],
      "/Users/bonniekwong/Ada/Week_12/SeeMore-LavenderBlush/app/models/user_feed.rb": [
        1,
        1,
        1,
        1,
        null,
        1,
        5,
        null,
        null,
        null
      ],
      "/Users/bonniekwong/Ada/Week_12/SeeMore-LavenderBlush/app/models/user.rb": [
        1,
        null,
        null,
        null,
        null,
        null,
        1,
        1,
        1,
        1,
        null,
        null,
        1,
        4,
        null,
        null,
        1,
        0,
        0,
        0,
        null,
        0,
        0,
        0,
        null,
        null,
        null,
        0,
        null,
        null,
        null
      ],
      "/Users/bonniekwong/Ada/Week_12/SeeMore-LavenderBlush/app/models/credential.rb": [
        1,
        null,
        1,
        null,
        null
      ]
    },
    "timestamp": 1416961983
  }
}
